C51 COMPILER V9.60.7.0   MAIN                                                              10/21/2024 15:08:35 PAGE 1   


C51 COMPILER V9.60.7.0, COMPILATION OF MODULE MAIN
OBJECT MODULE PLACED IN .\Objects\main.obj
COMPILER INVOKED BY: C:\Keil_v5\C51\BIN\C51.EXE main.c OPTIMIZE(8,SPEED) BROWSE DEBUG OBJECTEXTEND PRINT(.\Listings\main
                    -.lst) TABS(2) OBJECT(.\Objects\main.obj)

line level    source

   1          /*//=========================================================
   2          本项目基于STC8H1K28
   3          控制P00、P01、P02端口上的LED，并更具P32上的按键控制LED依次点亮
   4          Data：2024/10/19
   5          *///=========================================================
   6          
   7          #include <stc8h.h>
   8          #include <intrins.h>
   9          
  10          sbit key1 = P3 ^ 2;
  11          volatile unsigned char ledstate = 1;
  12          
  13          void Delay500ms()
  14          {
  15   1        unsigned char i, j, k;
  16   1        _nop_();
  17   1        _nop_();
  18   1        i = 43;
  19   1        j = 6;
  20   1        k = 50;
  21   1        do
  22   1        {
  23   2          do
  24   2          {
  25   3            while (--k)
  26   3              ;
  27   3          } while (--j);
  28   2        } while (--i);
  29   1      }
  30          
  31          void Delay10ms()
  32          {
  33   1        unsigned char i, j;
  34   1        _nop_();
  35   1        _nop_();
  36   1        i = 27;
  37   1        j = 104;
  38   1        do
  39   1        {
  40   2          while (--j)
  41   2            ;
  42   2        } while (--i);
  43   1      }
  44          
  45          void initialize()
  46          {
  47   1        P0M0 &= 0x00;
  48   1        P0M1 &= 0x00;
  49   1        P3M0 = 0x00;
  50   1        P3M1 = 0x00;
  51   1      }
  52          
  53          void LED_1()
  54          {
C51 COMPILER V9.60.7.0   MAIN                                                              10/21/2024 15:08:35 PAGE 2   

  55   1        P02 = 1;
  56   1        //Delay500ms();
  57   1        P00 = 0;
  58   1      }
  59          void LED_2()
  60          {
  61   1        P00 = 1;
  62   1        //Delay500ms();
  63   1        P01 = 0;
  64   1      }
  65          
  66          void LED_3()
  67          {
  68   1        P01 = 1;
  69   1        //Delay500ms();
  70   1        P02 = 0;
  71   1      }
  72          
  73          void Int0_isr() interrupt 0
  74          {
  75   1        if (key1 == 0)
  76   1        {
  77   2          Delay10ms();
  78   2          if (key1 == 0)
  79   2          {
  80   3            ledstate++;
  81   3            if (ledstate > 3)
  82   3            {
  83   4              ledstate = 1;
  84   4            }
  85   3          }
  86   2        }
  87   1      }
  88          
  89          void main()
  90          {
  91   1        IT0 = 1;
  92   1        EX0 = 1;
  93   1        EA = 1;
  94   1        Delay500ms();
  95   1        initialize();
  96   1        while (1)
  97   1        {
  98   2          if (ledstate == 1)
  99   2            LED_1();
 100   2          if (ledstate == 2)
 101   2            LED_2();
 102   2          if (ledstate == 3)
 103   2            LED_3();
 104   2        }
 105   1      }


MODULE INFORMATION:   STATIC OVERLAYABLE
   CODE SIZE        =    132    ----
   CONSTANT SIZE    =   ----    ----
   XDATA SIZE       =   ----    ----
   PDATA SIZE       =   ----    ----
   DATA SIZE        =      1    ----
   IDATA SIZE       =   ----    ----
   BIT SIZE         =   ----    ----
END OF MODULE INFORMATION.

C51 COMPILER V9.60.7.0   MAIN                                                              10/21/2024 15:08:35 PAGE 3   


C51 COMPILATION COMPLETE.  0 WARNING(S),  0 ERROR(S)
