C51 COMPILER V9.60.7.0   MAIN                                                              10/24/2024 08:24:14 PAGE 1   


C51 COMPILER V9.60.7.0, COMPILATION OF MODULE MAIN
OBJECT MODULE PLACED IN .\Objects\main.obj
COMPILER INVOKED BY: C:\Keil_v5\C51\BIN\C51.EXE main.c OPTIMIZE(8,SPEED) BROWSE DEBUG OBJECTEXTEND PRINT(.\Listings\main
                    -.lst) TABS(2) OBJECT(.\Objects\main.obj)

line level    source

   1          //===============================================================
   2          //本项目基于STC8H1K28开发板以及STC官方Damo程序开发
   3          //程序功能主要通过串口输出"FAN0#"到"FAN9#"来控制P10端口上的PWM控制占空比(1kHz)?
   4          //频率为22.1184MHz，波特率为115200
   5          //DATA:2024/10/23
   6          //===============================================================
   7          #include "stc8h.h"
   8          #include "intrins.h"
   9          #include "string.h"
  10          #define MAIN_Fosc 22118400L
  11          
  12          typedef unsigned char u8;
  13          typedef unsigned int u16;
  14          typedef unsigned long u32;
  15          typedef signed char int8;
  16          typedef signed int int16;
  17          typedef signed long int32;
  18          typedef unsigned char uint8;
  19          typedef unsigned int uint16;
  20          typedef unsigned long uint32;
  21          #define TRUE 1
  22          #define FALSE 0
  23          // #define NULL 0
  24          
  25          #define Baudrate1 115200L
  26          #define UART1_BUF_LENGTH 8
  27          bit receiving_complete = 0;
  28          u8 TX1_Cnt;
  29          u8 RX1_Cnt;
  30          bit B_TX1_Busy;
  31          u8 xdata RX1_Buffer[UART1_BUF_LENGTH];
  32          void UART1_config(u8 brt);
  33          void PrintString1(u8 *puts);
  34          
  35          void IO_Init();
  36          
  37          //@22.1184MHz
  38          static void Delay_us(uint16 us);
  39          static void Delay_ms(uint16 ms);
  40          void Delay20ms();
  41          void Delay500ms();
  42          
  43          void Shutdown_LED();
  44          void Ctrl_LED(unsigned char *rxdata);
  45          
  46          void PrintString1(u8 *puts);
  47          void SetTimer2Baudraye(u16 dat);
  48          void UART1_config(u8 brt);
  49          
  50          enum UART_State
  51          {
  52              UART_IDLE,
  53              UART_RECEIVE,
  54              UART_SEND
C51 COMPILER V9.60.7.0   MAIN                                                              10/24/2024 08:24:14 PAGE 2   

  55          };
  56          
  57          #define Timer0_Reload (65536UL - (MAIN_Fosc / 1000))
  58          
  59          // key
  60          sbit key1 = P3 ^ 2;
  61          volatile unsigned char keystate = 1;
  62          volatile unsigned char Fan_State = 0;
  63          #define PWM1_1 0x00
  64          #define PWM1_2 0x01
  65          #define PWM1_3 0x02
  66          
  67          #define ENO1P 0x01
  68          #define ENO1N 0x02
  69          
  70          #define PWM_PERIOD 1023
  71          
  72          bit B_1ms;
  73          
  74          u16 PWM1_Duty;
  75          u16 PWM2_Duty;
  76          u16 PWM3_Duty;
  77          u16 PWM4_Duty;
  78          
  79          bit PWM1_Flag;
  80          
  81          void UpdatePwm(void);
  82          
  83          void main()
  84          {
  85   1      
  86   1          char RX_Data[UART1_BUF_LENGTH] = 0x00;
  87   1          unsigned char i = 0x00;
  88   1          enum UART_State currentState = UART_IDLE;
  89   1      
  90   1          IO_Init();
  91   1      
  92   1          UART1_config(1);
  93   1          EA = 1;
  94   1      
  95   1          PrintString1("STC8H8K64U UART1, Development by Leyue Chen\r\n");
  96   1      
  97   1          PWM1_Flag = 0;
  98   1          PWM1_Duty = 0;
  99   1          PWM2_Duty = 256;
 100   1          PWM3_Duty = 512;
 101   1          PWM4_Duty = 1024;
 102   1      
 103   1          PrintString1("Start!\r\n");
 104   1      
 105   1          AUXR = 0x80;
 106   1          TH0 = (u8)(Timer0_Reload / 256);
 107   1          TL0 = (u8)(Timer0_Reload % 256);
 108   1          ET0 = 1;
 109   1          TR0 = 1;
 110   1      
 111   1          IT0 = 1;
 112   1          EX0 = 1;
 113   1          EA = 1;
 114   1      
 115   1          PWMA_CCER1 = 0x00;
 116   1          PWMA_CCER2 = 0x00;
C51 COMPILER V9.60.7.0   MAIN                                                              10/24/2024 08:24:14 PAGE 3   

 117   1          PWMA_CCMR1 = 0x68;
 118   1          PWMA_CCMR2 = 0x68;
 119   1          PWMA_CCMR3 = 0x68;
 120   1          PWMA_CCMR4 = 0x68;
 121   1          PWMA_CCER1 = 0x55;
 122   1          PWMA_CCER2 = 0x55;
 123   1      
 124   1          PWMA_ARRH = (u8)(PWM_PERIOD >> 8);
 125   1          PWMA_ARRL = (u8)PWM_PERIOD;
 126   1      
 127   1          PWMA_ENO = 0x00;
 128   1          PWMA_ENO |= ENO1P;
 129   1          PWMA_ENO |= ENO1N;
 130   1      
 131   1          PWMA_PS = 0x00;
 132   1          PWMA_PS |= P10;
 133   1      
 134   1          PWMA_BKR = 0x80;
 135   1          PWMA_CR1 |= 0x01;
 136   1      
 137   1          P40 = 0;
 138   1          UART1_config(1);
 139   1      
 140   1          Delay_ms(1);
 141   1      
 142   1          while (1)
 143   1          {
 144   2              char RX_Data[UART1_BUF_LENGTH];
 145   2              unsigned char i;
 146   2      
 147   2              if (receiving_complete)
 148   2              {
 149   3                  for (i = 0; i < RX1_Cnt; i++)
 150   3                  {
 151   4                      RX_Data[i] = RX1_Buffer[i];
 152   4                  }
 153   3                  RX_Data[RX1_Cnt] = '\0';
 154   3      
 155   3                  Ctrl_LED(RX_Data);
 156   3      
 157   3                  RX1_Cnt = 0;
 158   3                  receiving_complete = 0;
 159   3              }
 160   2          }
 161   1      }
 162          
 163          void IO_Init()
 164          {
 165   1          P_SW2 |= 0x80;
 166   1          P0M1 = 0x00;
 167   1          P0M0 = 0x00;
 168   1          P1M1 = 0x00;
 169   1          P1M0 = 0x00;
 170   1          P2M1 = 0x00;
 171   1          P2M0 = 0x00;
 172   1          P3M1 = 0x00;
 173   1          P3M0 = 0x00;
 174   1          P4M1 = 0x00;
 175   1          P4M0 = 0x00;
 176   1          P5M1 = 0x00;
 177   1          P5M0 = 0x00;
 178   1          P6M1 = 0x00;
C51 COMPILER V9.60.7.0   MAIN                                                              10/24/2024 08:24:14 PAGE 4   

 179   1          P6M0 = 0x00;
 180   1          P7M1 = 0x00;
 181   1          P7M0 = 0x00;
 182   1      }
 183          
 184          static void Delay_us(uint16 us)
 185          {
 186   1          while (us--)
 187   1          {
 188   2              _nop_();
 189   2              _nop_();
 190   2              _nop_();
 191   2              _nop_();
 192   2              _nop_();
 193   2              _nop_();
 194   2              _nop_();
 195   2              _nop_();
 196   2              _nop_();
 197   2              _nop_();
 198   2              _nop_();
 199   2              _nop_();
 200   2              _nop_();
 201   2              _nop_();
 202   2              _nop_();
 203   2              _nop_();
 204   2              _nop_();
 205   2              _nop_();
 206   2              _nop_();
 207   2              _nop_();
 208   2              _nop_();
 209   2              _nop_();
 210   2          }
 211   1      }
 212          
 213          static void Delay_ms(uint16 ms)
 214          {
 215   1          // u8 ms = ?;
 216   1          while (ms--)
 217   1          {
 218   2              unsigned char i;
 219   2              for (i = 0; i < 18; i++)
 220   2              {
 221   3                  Delay_us(56);
 222   3              }
 223   2          }
 224   1      }
 225          
 226          void Delay20ms()
 227          {
 228   1          u8 ms = 20;
 229   1          while (ms--)
 230   1          {
 231   2              unsigned char i;
 232   2              for (i = 0; i < 18; i++)
 233   2              {
 234   3                  Delay_us(56);
 235   3              }
 236   2          }
 237   1      }
 238          
 239          void Shutdown_LED()
 240          {
C51 COMPILER V9.60.7.0   MAIN                                                              10/24/2024 08:24:14 PAGE 5   

 241   1          P00 = 1;
 242   1          P01 = 1;
 243   1          P02 = 1;
 244   1      }
 245          
 246          void Ctrl_LED(unsigned char *rxdata)
 247          {
 248   1      
 249   1          Shutdown_LED();
 250   1      
 251   1          if (strcmp(rxdata, "LEDA") == 0)
 252   1          {
 253   2              P00 = 0;
 254   2              P01 = 0;
 255   2              P02 = 0;
 256   2          }
 257   1          else if (strcmp(rxdata, "SHUT") == 0)
 258   1          {
 259   2              Shutdown_LED();
 260   2          }
 261   1          else if (strcmp(rxdata, "LEDB") == 0)
 262   1          {
 263   2              P00 = 0;
 264   2              P01 = 1;
 265   2              P02 = 1;
 266   2          }
 267   1          else if (strcmp(rxdata, "LEDR") == 0)
 268   1          {
 269   2              P00 = 1;
 270   2              P01 = 0;
 271   2              P02 = 1;
 272   2          }
 273   1          else if (strcmp(rxdata, "LEDG") == 0)
 274   1          {
 275   2              P00 = 1;
 276   2              P01 = 1;
 277   2              P02 = 0;
 278   2          }
 279   1          //=============================
 280   1          if (strcmp(rxdata, "FAN0") == 0)
 281   1          {
 282   2              Fan_State = 0;
 283   2          }
 284   1          else if (strcmp(rxdata, "FAN1") == 0)
 285   1          {
 286   2              Fan_State = 1;
 287   2          }
 288   1          else if (strcmp(rxdata, "FAN2") == 0)
 289   1          {
 290   2              Fan_State = 2;
 291   2          }
 292   1          else if (strcmp(rxdata, "FAN3") == 0)
 293   1          {
 294   2              Fan_State = 3;
 295   2          }
 296   1          else if (strcmp(rxdata, "FAN4") == 0)
 297   1          {
 298   2              Fan_State = 4;
 299   2          }
 300   1          else if (strcmp(rxdata, "FAN5") == 0)
 301   1          {
 302   2              Fan_State = 5;
C51 COMPILER V9.60.7.0   MAIN                                                              10/24/2024 08:24:14 PAGE 6   

 303   2          }
 304   1          else if (strcmp(rxdata, "FAN6") == 0)
 305   1          {
 306   2              Fan_State = 6;
 307   2          }
 308   1          else if (strcmp(rxdata, "FAN7") == 0)
 309   1          {
 310   2              Fan_State = 7;
 311   2          }
 312   1          else if (strcmp(rxdata, "FAN8") == 0)
 313   1          {
 314   2              Fan_State = 8;
 315   2          }
 316   1          else if (strcmp(rxdata, "FAN9") == 0)
 317   1          {
 318   2              Fan_State = 9;
 319   2          }
 320   1      }
 321          
 322          void PrintString1(u8 *puts)
 323          {
 324   1          for (; *puts != 0; puts++)
 325   1          {
 326   2              SBUF = *puts;
 327   2              B_TX1_Busy = 1;
 328   2              while (B_TX1_Busy)
 329   2                  ;
 330   2          }
 331   1      }
 332          
 333          void SetTimer2Baudraye(u16 dat)
 334          {
 335   1          AUXR &= ~(1 << 4);
 336   1          AUXR &= ~(1 << 3);
 337   1          AUXR |= (1 << 2);
 338   1          T2H = dat / 256;
 339   1          T2L = dat % 256;
 340   1          IE2 &= ~(1 << 2);
 341   1          AUXR |= (1 << 4);
 342   1      }
 343          
 344          void UART1_config(u8 brt)
 345          {
 346   1          if (brt == 2)
 347   1          {
 348   2              AUXR |= 0x01;
 349   2              SetTimer2Baudraye(65536UL - (MAIN_Fosc / 4) / Baudrate1);
 350   2          }
 351   1      
 352   1          else
 353   1          {
 354   2              TR1 = 0;
 355   2              AUXR &= ~0x01;
 356   2              AUXR |= (1 << 6);
 357   2              TMOD &= ~(1 << 6);
 358   2              TMOD &= ~0x30;
 359   2              TH1 = (u8)((65536UL - (MAIN_Fosc / 4) / Baudrate1) / 256);
 360   2              TL1 = (u8)((65536UL - (MAIN_Fosc / 4) / Baudrate1) % 256);
 361   2              ET1 = 0;
 362   2              INTCLKO &= ~0x02;
 363   2              TR1 = 1;
 364   2          }
C51 COMPILER V9.60.7.0   MAIN                                                              10/24/2024 08:24:14 PAGE 7   

 365   1      
 366   1          SCON = (SCON & 0x3f) | 0x40;
 367   1          ES = 1;
 368   1          REN = 1;
 369   1      
 370   1          P_SW1 &= 0x3f;
 371   1          P_SW1 |= 0x00;
 372   1      
 373   1          B_TX1_Busy = 0;
 374   1          TX1_Cnt = 0;
 375   1          RX1_Cnt = 0;
 376   1      }
 377          
 378          void UART1_int(void) interrupt 4
 379          {
 380   1          if (RI)
 381   1          {
 382   2              RI = 0;
 383   2              RX1_Buffer[RX1_Cnt] = SBUF;
 384   2              if (RX1_Buffer[RX1_Cnt] == '#')
 385   2              {
 386   3                  receiving_complete = 1;
 387   3              }
 388   2              else
 389   2              {
 390   3                  if (++RX1_Cnt >= UART1_BUF_LENGTH)
 391   3                  {
 392   4                      RX1_Cnt = 0; // ?陇?0?8?0?0?0?1?0?6?0?4?0?6?0?2
 393   4                  }
 394   3              }
 395   2          }
 396   1          if (TI)
 397   1          {
 398   2              TI = 0;
 399   2              B_TX1_Busy = 0;
 400   2          }
 401   1      }
 402          
 403          void timer0(void) interrupt 3
 404          {
 405   1          if (Fan_State == 0)
 406   1          {
 407   2              PWM1_Duty = 0; // Fan_State 0
 408   2          }
 409   1          else if (Fan_State == 1)
 410   1          {
 411   2              PWM1_Duty = 113; // Fan_State 1
 412   2          }
 413   1          else if (Fan_State == 2)
 414   1          {
 415   2              PWM1_Duty = 227; // Fan_State 2
 416   2          }
 417   1          else if (Fan_State == 3)
 418   1          {
 419   2              PWM1_Duty = 341; // Fan_State 3
 420   2          }
 421   1          else if (Fan_State == 4)
 422   1          {
 423   2              PWM1_Duty = 454; // Fan_State 4
 424   2          }
 425   1          else if (Fan_State == 5)
 426   1          {
C51 COMPILER V9.60.7.0   MAIN                                                              10/24/2024 08:24:14 PAGE 8   

 427   2              PWM1_Duty = 568; // Fan_State 5
 428   2          }
 429   1          else if (Fan_State == 6)
 430   1          {
 431   2              PWM1_Duty = 682; // Fan_State 6
 432   2          }
 433   1          else if (Fan_State == 7)
 434   1          {
 435   2              PWM1_Duty = 795; // Fan_State 7
 436   2          }
 437   1          else if (Fan_State == 8)
 438   1          {
 439   2              PWM1_Duty = 909; // Fan_State 8
 440   2          }
 441   1          else if (Fan_State == 9)
 442   1          {
 443   2              PWM1_Duty = 1023; // Fan_State 9
 444   2          }
 445   1      
 446   1          UpdatePwm();
 447   1      }
 448          
 449          void UpdatePwm(void)
 450          {
 451   1          PWMA_CCR1H = (u8)(PWM1_Duty >> 8);
 452   1          PWMA_CCR1L = (u8)PWM1_Duty;
 453   1      }
 454          
 455          void Int0_isr() interrupt 0
 456          {
 457   1          if (key1 == 0)
 458   1          {
 459   2              Delay20ms();
 460   2              if (key1 == 0)
 461   2              {
 462   3                  keystate++;
 463   3                  if (keystate > 4)
 464   3                  {
 465   4                      keystate = 1;
 466   4                  }
 467   3              }
 468   2          }
 469   1      }


MODULE INFORMATION:   STATIC OVERLAYABLE
   CODE SIZE        =   1169    ----
   CONSTANT SIZE    =    138    ----
   XDATA SIZE       =      8    ----
   PDATA SIZE       =   ----    ----
   DATA SIZE        =     12      24
   IDATA SIZE       =   ----    ----
   BIT SIZE         =      4    ----
END OF MODULE INFORMATION.


C51 COMPILATION COMPLETE.  0 WARNING(S),  0 ERROR(S)
