C51 COMPILER V9.60.7.0   MAIN                                                              10/21/2024 15:06:54 PAGE 1   


C51 COMPILER V9.60.7.0, COMPILATION OF MODULE MAIN
OBJECT MODULE PLACED IN .\Objects\main.obj
COMPILER INVOKED BY: C:\Keil_v5\C51\BIN\C51.EXE main.c OPTIMIZE(8,SPEED) BROWSE DEBUG OBJECTEXTEND PRINT(.\Listings\main
                    -.lst) TABS(2) OBJECT(.\Objects\main.obj)

line level    source

   1          /*//=========================================================
   2          本项目基于STC8H1K28
   3          控制P00、P01、P02端口上的LED依次闪烁
   4          Data：2024/10/19
   5          *///=========================================================
   6          
   7          #include <stc8h.h>
   8          #include <intrins.h>
   9          
  10          void Delay500ms()  
  11          {  
  12   1        unsigned char i, j, k;  
  13   1        _nop_();
  14   1        _nop_();  
  15   1        i = 43;
  16   1        j = 6;  
  17   1        k = 50;  
  18   1        do  
  19   1        {  
  20   2          do  
  21   2          {  
  22   3            while(--k);
  23   3          }  
  24   2          while(--j);  
  25   2        }  
  26   1        while(--i);
  27   1      }
  28          
  29          void initialize()  
  30          {  
  31   1        P0M0 &= 0x00;
  32   1        P0M1 &= 0x00;  
  33   1      }
  34          
  35          void LED1()  
  36          {  
  37   1        P00 = 0;
  38   1        Delay500ms();
  39   1        P00 = 1;
  40   1      
  41   1        P01 = 0;
  42   1        Delay500ms();
  43   1        P01 = 1;
  44   1      
  45   1        P02 = 0;
  46   1        Delay500ms();
  47   1        P02 = 1;
  48   1      }
  49          
  50          void main()  
  51          {  
  52   1        initialize();
  53   1        while(1)
  54   1        {  
C51 COMPILER V9.60.7.0   MAIN                                                              10/21/2024 15:06:54 PAGE 2   

  55   2          LED1();
  56   2        }  
  57   1      }


MODULE INFORMATION:   STATIC OVERLAYABLE
   CODE SIZE        =     52    ----
   CONSTANT SIZE    =   ----    ----
   XDATA SIZE       =   ----    ----
   PDATA SIZE       =   ----    ----
   DATA SIZE        =   ----    ----
   IDATA SIZE       =   ----    ----
   BIT SIZE         =   ----    ----
END OF MODULE INFORMATION.


C51 COMPILATION COMPLETE.  0 WARNING(S),  0 ERROR(S)
