C51 COMPILER V9.60.7.0   MAIN                                                              10/21/2024 15:12:48 PAGE 1   


C51 COMPILER V9.60.7.0, COMPILATION OF MODULE MAIN
OBJECT MODULE PLACED IN .\Objects\main.obj
COMPILER INVOKED BY: C:\Keil_v5\C51\BIN\C51.EXE main.c OPTIMIZE(8,SPEED) BROWSE DEBUG OBJECTEXTEND PRINT(.\Listings\main
                    -.lst) TABS(2) OBJECT(.\Objects\main.obj)

line level    source

   1          /*//=========================================================
   2          本项目基于STC8H1K28开发板
   3          
   4          实现不同速度速度流水灯功能
   5          速度由按键P32控制，共四档速度
   6          
   7          按键初始化：使用 initialize() 函数对按键引脚进行配置。
   8          延迟函数：
   9          Delay500ms() 用于产生500毫秒的延迟。
  10          Delay10ms() 用于产生10毫秒的延迟。
  11          LED流转效果：
  12          LED_1()、LED_2()、LED_3()、LED_4() 分别定义了不同的LED流转效果。
  13          每个函数通过控制 P00、P01 和 P02 引脚的状态来实现不同的流转效果。
  14          中断服务程序：
  15          Int0_isr() 中断服务程序检测按键按下的状态。
  16          当按键按下时，会增加 ledstate 的值，并切换到相应的LED流转效果。
  17          主函数：
  18          初始化按键和中断。
  19          根据 ledstate 的值选择相应的LED流转效果函数执行。
  20          
  21          Data：2024/10/19
  22          *///=========================================================
  23          #include <stc8h.h>
  24          #include <intrins.h>
  25          
  26          sbit key1 = P3 ^ 2;
  27          volatile unsigned char ledstate = 1;
  28          
  29          void Delay500ms()
  30          {
  31   1        unsigned char i, j, k;
  32   1        _nop_();
  33   1        _nop_();
  34   1        i = 43;
  35   1        j = 6;
  36   1        k = 5;
  37   1        do
  38   1        {
  39   2          do
  40   2          {
  41   3            while (--k)
  42   3              ;
  43   3          } while (--j);
  44   2        } while (--i);
  45   1      }
  46          
  47          void Delay10ms()
  48          {
  49   1        unsigned char i, j;
  50   1        _nop_();
  51   1        _nop_();
  52   1        i = 27;
  53   1        j = 104;
  54   1        do
C51 COMPILER V9.60.7.0   MAIN                                                              10/21/2024 15:12:48 PAGE 2   

  55   1        {
  56   2          while (--j)
  57   2            ;
  58   2        } while (--i);
  59   1      }
  60          
  61          void initialize()
  62          {
  63   1        P0M0 &= 0x00;
  64   1        P0M1 &= 0x00;
  65   1        P3M0 = 0x00;
  66   1        P3M1 = 0x00;
  67   1      }
  68          
  69          void LED_1()
  70          {
  71   1        P00 = 0;
  72   1        Delay500ms();
  73   1        P00 = 1;
  74   1        P01 = 0;
  75   1        Delay500ms();
  76   1        P01 = 1;
  77   1        P02 = 0;
  78   1        Delay500ms();
  79   1        P02 = 1;
  80   1      }
  81          void LED_2()
  82          {
  83   1        P00 = 0;
  84   1        Delay500ms();
  85   1        Delay500ms();
  86   1        P00 = 1;
  87   1        P01 = 0;
  88   1        Delay500ms();
  89   1        Delay500ms();
  90   1        P01 = 1;
  91   1        P02 = 0;
  92   1        Delay500ms();
  93   1        Delay500ms();
  94   1        P02 = 1;
  95   1      }
  96          
  97          void LED_3()
  98          {
  99   1        P00 = 0;
 100   1        Delay500ms();
 101   1        Delay500ms();
 102   1        Delay500ms();
 103   1        P00 = 1;
 104   1        P01 = 0;
 105   1        Delay500ms();
 106   1        Delay500ms();
 107   1        Delay500ms();
 108   1        P01 = 1;
 109   1        P02 = 0;
 110   1        Delay500ms();
 111   1        Delay500ms();
 112   1        Delay500ms();
 113   1        P02 = 1;
 114   1      }
 115          
 116          void LED_4()
C51 COMPILER V9.60.7.0   MAIN                                                              10/21/2024 15:12:48 PAGE 3   

 117          {
 118   1        P00 = 0;
 119   1        Delay500ms();
 120   1        Delay500ms();
 121   1        Delay500ms();
 122   1        Delay500ms();
 123   1        P00 = 1;
 124   1        P01 = 0;
 125   1        Delay500ms();
 126   1        Delay500ms();
 127   1        Delay500ms();
 128   1        Delay500ms();
 129   1        P01 = 1;
 130   1        P02 = 0;
 131   1        Delay500ms();
 132   1        Delay500ms();
 133   1        Delay500ms();
 134   1        Delay500ms();
 135   1        P02 = 1;
 136   1      }
 137          
 138          void Int0_isr() interrupt 0
 139          {
 140   1        if (key1 == 0)
 141   1        {
 142   2          Delay10ms();
 143   2          if (key1 == 0)
 144   2          {
 145   3            ledstate++;
 146   3            if (ledstate > 4)
 147   3            {
 148   4              ledstate = 1;
 149   4            }
 150   3          }
 151   2        }
 152   1      }
 153          
 154          void main()
 155          {
 156   1        IT0 = 1;
 157   1        EX0 = 1;
 158   1        EA = 1;
 159   1        Delay500ms();
 160   1        initialize();
 161   1        while (1)
 162   1        {
 163   2          if (ledstate == 1)
 164   2            LED_1();
 165   2          if (ledstate == 2)
 166   2            LED_2();
 167   2          if (ledstate == 3)
 168   2            LED_3();
 169   2          if (ledstate == 4)
 170   2            LED_4();
 171   2        }
 172   1      }


MODULE INFORMATION:   STATIC OVERLAYABLE
   CODE SIZE        =    236    ----
   CONSTANT SIZE    =   ----    ----
   XDATA SIZE       =   ----    ----
C51 COMPILER V9.60.7.0   MAIN                                                              10/21/2024 15:12:48 PAGE 4   

   PDATA SIZE       =   ----    ----
   DATA SIZE        =      1    ----
   IDATA SIZE       =   ----    ----
   BIT SIZE         =   ----    ----
END OF MODULE INFORMATION.


C51 COMPILATION COMPLETE.  0 WARNING(S),  0 ERROR(S)
