C51 COMPILER V9.60.7.0   MAIN                                                              10/21/2024 15:17:33 PAGE 1   


C51 COMPILER V9.60.7.0, COMPILATION OF MODULE MAIN
OBJECT MODULE PLACED IN .\Objects\main.obj
COMPILER INVOKED BY: C:\Keil_v5\C51\BIN\C51.EXE main.c OPTIMIZE(8,SPEED) BROWSE DEBUG OBJECTEXTEND PRINT(.\Listings\main
                    -.lst) TABS(2) OBJECT(.\Objects\main.obj)

line level    source

   1          /*///////////////////////////////////////////////
   2          该项目基于STC8H1k28开发板
   3          
   4          实现P32控制不同速度流水灯或三色LED其中之一依次亮
   5          实现P33控制切换流水灯还是LED单独亮
   6          
   7          Data：2024/10/19
   8          *////////////////////////////////////////////////
   9          #include <stc8h.h>
  10          #include <intrins.h>
  11          
  12          sbit key1 = P3 ^ 2;
  13          sbit key2 = P3 ^ 3;
  14          volatile unsigned char ledstate1 = 1;
  15          volatile unsigned char ledstate2 = 1;
  16          
  17          void Delay500ms()
  18          {
  19   1        unsigned char i, j, k;
  20   1        _nop_();
  21   1        _nop_();
  22   1        i = 13;
  23   1        j = 6;
  24   1        k = 1;
  25   1        do
  26   1        {
  27   2          do
  28   2          {
  29   3            while (--k)
  30   3              ;
  31   3          } while (--j);
  32   2        } while (--i);
  33   1      }
  34          
  35          void Delay10ms()
  36          {
  37   1        unsigned char i, j;
  38   1        _nop_();
  39   1        _nop_();
  40   1        i = 27;
  41   1        j = 104;
  42   1        do
  43   1        {
  44   2          while (--j)
  45   2            ;
  46   2        } while (--i);
  47   1      }
  48          
  49          void initialize()
  50          {
  51   1        P0M0 &= 0x00;
  52   1        P0M1 &= 0x00;
  53   1        P3M0 = 0x00;
  54   1        P3M1 = 0x00;
C51 COMPILER V9.60.7.0   MAIN                                                              10/21/2024 15:17:33 PAGE 2   

  55   1      }
  56          
  57          void S_LED_1()
  58          {
  59   1        P00 = 0;
  60   1        P01 = 1;
  61   1        P02 = 1;
  62   1      }
  63          
  64          void S_LED_2()
  65          {
  66   1        P00 = 1;
  67   1        P01 = 0;
  68   1        P02 = 1;
  69   1      }
  70          
  71          void S_LED_3()
  72          {
  73   1        P00 = 1;
  74   1        P01 = 1;
  75   1        P02 = 0;
  76   1      }
  77          
  78          void LED_1()
  79          {
  80   1        P00 = 0;
  81   1        Delay500ms();
  82   1        P00 = 1;
  83   1        P01 = 0;
  84   1        Delay500ms();
  85   1        P01 = 1;
  86   1        P02 = 0;
  87   1        Delay500ms();
  88   1        P02 = 1;
  89   1      }
  90          
  91          void LED_2()
  92          {
  93   1        P00 = 0;
  94   1        Delay500ms();
  95   1        Delay500ms();
  96   1        P00 = 1;
  97   1        P01 = 0;
  98   1        Delay500ms();
  99   1        Delay500ms();
 100   1        P01 = 1;
 101   1        P02 = 0;
 102   1        Delay500ms();
 103   1        Delay500ms();
 104   1        P02 = 1;
 105   1      }
 106          
 107          void LED_3()
 108          {
 109   1        P00 = 0;
 110   1        Delay500ms();
 111   1        Delay500ms();
 112   1        Delay500ms();
 113   1        P00 = 1;
 114   1        P01 = 0;
 115   1        Delay500ms();
 116   1        Delay500ms();
C51 COMPILER V9.60.7.0   MAIN                                                              10/21/2024 15:17:33 PAGE 3   

 117   1        Delay500ms();
 118   1        P01 = 1;
 119   1        P02 = 0;
 120   1        Delay500ms();
 121   1        Delay500ms();
 122   1        Delay500ms();
 123   1        P02 = 1;
 124   1      }
 125          
 126          void LED_4()
 127          {
 128   1        P00 = 0;
 129   1        Delay500ms();
 130   1        Delay500ms();
 131   1        Delay500ms();
 132   1        Delay500ms();
 133   1        P00 = 1;
 134   1        P01 = 0;
 135   1        Delay500ms();
 136   1        Delay500ms();
 137   1        Delay500ms();
 138   1        Delay500ms();
 139   1        P01 = 1;
 140   1        P02 = 0;
 141   1        Delay500ms();
 142   1        Delay500ms();
 143   1        Delay500ms();
 144   1        Delay500ms();
 145   1        P02 = 1;
 146   1      }
 147          
 148          void Int0_isr() interrupt 0 using 1
 149          {
 150   1        if (key1 == 0)
 151   1        {
 152   2          Delay10ms();
 153   2          if (key1 == 0)
 154   2          {
 155   3            ledstate1++;
 156   3            if (ledstate1 > 4)
 157   3            {
 158   4              ledstate1 = 1;
 159   4            }
 160   3          }
 161   2        }
 162   1      }
 163          
 164          void Int1_isr() interrupt 2 using 1
 165          {
 166   1        if (key2 == 0)
 167   1        {
 168   2          Delay10ms();
 169   2          if (key2 == 0)
 170   2          {
 171   3            ledstate2++;
 172   3            if (ledstate2 > 2)
 173   3            {
 174   4              ledstate2 = 1;
 175   4            }
 176   3          }
 177   2        }
 178   1      }
C51 COMPILER V9.60.7.0   MAIN                                                              10/21/2024 15:17:33 PAGE 4   

 179          
 180          void main()
 181          {
 182   1        IT0 = 1;
 183   1        IT1 = 1;
 184   1        EX0 = 1;
 185   1        EX1 = 1;
 186   1        EA = 1;
 187   1        Delay500ms();
 188   1        initialize();
 189   1        while (1)
 190   1        {
 191   2          if (ledstate2 == 1)
 192   2          {
 193   3            if (ledstate1 == 1)
 194   3              LED_1();
 195   3            else if (ledstate1 == 2)
 196   3              LED_2();
 197   3            else if (ledstate1 == 3)
 198   3              LED_3();
 199   3            else if (ledstate1 == 4)
 200   3              LED_4();
 201   3          }
 202   2          else if (ledstate2 == 2)
 203   2          {
 204   3            if (ledstate1 > 3)
 205   3              ledstate1 = 1;
 206   3            if (ledstate1 == 1)
 207   3            {
 208   4      
 209   4              S_LED_1();
 210   4            }
 211   3            else if (ledstate1 == 2)
 212   3              S_LED_2();
 213   3            else if (ledstate1 == 3)
 214   3            {
 215   4              S_LED_3();
 216   4            }
 217   3          }
 218   2        }
 219   1      }


MODULE INFORMATION:   STATIC OVERLAYABLE
   CODE SIZE        =    344    ----
   CONSTANT SIZE    =   ----    ----
   XDATA SIZE       =   ----    ----
   PDATA SIZE       =   ----    ----
   DATA SIZE        =      2    ----
   IDATA SIZE       =   ----    ----
   BIT SIZE         =   ----    ----
END OF MODULE INFORMATION.


C51 COMPILATION COMPLETE.  0 WARNING(S),  0 ERROR(S)
